[2025-08-27T15:35:03.085+0000] {processor.py:161} INFO - Started process (PID=205) to work on /opt/airflow/dags/fraud_pipeline.py
[2025-08-27T15:35:03.092+0000] {processor.py:830} INFO - Processing file /opt/airflow/dags/fraud_pipeline.py for tasks to queue
[2025-08-27T15:35:03.105+0000] {logging_mixin.py:188} INFO - [2025-08-27T15:35:03.103+0000] {dagbag.py:545} INFO - Filling up the DagBag from /opt/airflow/dags/fraud_pipeline.py
[2025-08-27T15:35:03.197+0000] {processor.py:840} INFO - DAG(s) 'fraud_pipeline' retrieved from /opt/airflow/dags/fraud_pipeline.py
[2025-08-27T15:35:03.298+0000] {logging_mixin.py:188} INFO - [2025-08-27T15:35:03.298+0000] {dag.py:3096} INFO - Sync 1 DAGs
[2025-08-27T15:35:03.390+0000] {logging_mixin.py:188} INFO - [2025-08-27T15:35:03.390+0000] {dag.py:3954} INFO - Setting next_dagrun for fraud_pipeline to 2025-08-26 02:00:00+00:00, run_after=2025-08-27 02:00:00+00:00
[2025-08-27T15:35:03.451+0000] {processor.py:183} INFO - Processing /opt/airflow/dags/fraud_pipeline.py took 0.416 seconds
[2025-08-27T15:35:33.581+0000] {processor.py:161} INFO - Started process (PID=219) to work on /opt/airflow/dags/fraud_pipeline.py
[2025-08-27T15:35:33.583+0000] {processor.py:830} INFO - Processing file /opt/airflow/dags/fraud_pipeline.py for tasks to queue
[2025-08-27T15:35:33.587+0000] {logging_mixin.py:188} INFO - [2025-08-27T15:35:33.586+0000] {dagbag.py:545} INFO - Filling up the DagBag from /opt/airflow/dags/fraud_pipeline.py
[2025-08-27T15:35:33.645+0000] {processor.py:840} INFO - DAG(s) 'fraud_pipeline' retrieved from /opt/airflow/dags/fraud_pipeline.py
[2025-08-27T15:35:33.792+0000] {logging_mixin.py:188} INFO - [2025-08-27T15:35:33.792+0000] {dag.py:3096} INFO - Sync 1 DAGs
[2025-08-27T15:35:33.996+0000] {logging_mixin.py:188} INFO - [2025-08-27T15:35:33.996+0000] {dag.py:3954} INFO - Setting next_dagrun for fraud_pipeline to 2025-08-26 02:00:00+00:00, run_after=2025-08-27 02:00:00+00:00
[2025-08-27T15:35:34.066+0000] {processor.py:183} INFO - Processing /opt/airflow/dags/fraud_pipeline.py took 0.500 seconds
[2025-08-27T15:36:04.479+0000] {processor.py:161} INFO - Started process (PID=224) to work on /opt/airflow/dags/fraud_pipeline.py
[2025-08-27T15:36:04.481+0000] {processor.py:830} INFO - Processing file /opt/airflow/dags/fraud_pipeline.py for tasks to queue
[2025-08-27T15:36:04.484+0000] {logging_mixin.py:188} INFO - [2025-08-27T15:36:04.484+0000] {dagbag.py:545} INFO - Filling up the DagBag from /opt/airflow/dags/fraud_pipeline.py
[2025-08-27T15:36:04.535+0000] {processor.py:840} INFO - DAG(s) 'fraud_pipeline' retrieved from /opt/airflow/dags/fraud_pipeline.py
[2025-08-27T15:36:04.576+0000] {logging_mixin.py:188} INFO - [2025-08-27T15:36:04.575+0000] {dag.py:3096} INFO - Sync 1 DAGs
[2025-08-27T15:36:04.606+0000] {logging_mixin.py:188} INFO - [2025-08-27T15:36:04.606+0000] {dag.py:3954} INFO - Setting next_dagrun for fraud_pipeline to 2025-08-26 02:00:00+00:00, run_after=2025-08-27 02:00:00+00:00
[2025-08-27T15:36:04.634+0000] {processor.py:183} INFO - Processing /opt/airflow/dags/fraud_pipeline.py took 0.163 seconds
[2025-08-27T15:36:34.796+0000] {processor.py:161} INFO - Started process (PID=229) to work on /opt/airflow/dags/fraud_pipeline.py
[2025-08-27T15:36:34.797+0000] {processor.py:830} INFO - Processing file /opt/airflow/dags/fraud_pipeline.py for tasks to queue
[2025-08-27T15:36:34.800+0000] {logging_mixin.py:188} INFO - [2025-08-27T15:36:34.799+0000] {dagbag.py:545} INFO - Filling up the DagBag from /opt/airflow/dags/fraud_pipeline.py
[2025-08-27T15:36:34.839+0000] {processor.py:840} INFO - DAG(s) 'fraud_pipeline' retrieved from /opt/airflow/dags/fraud_pipeline.py
[2025-08-27T15:36:34.892+0000] {logging_mixin.py:188} INFO - [2025-08-27T15:36:34.892+0000] {dag.py:3096} INFO - Sync 1 DAGs
[2025-08-27T15:36:34.939+0000] {logging_mixin.py:188} INFO - [2025-08-27T15:36:34.939+0000] {dag.py:3954} INFO - Setting next_dagrun for fraud_pipeline to 2025-08-26 02:00:00+00:00, run_after=2025-08-27 02:00:00+00:00
[2025-08-27T15:36:34.976+0000] {processor.py:183} INFO - Processing /opt/airflow/dags/fraud_pipeline.py took 0.186 seconds
[2025-08-27T15:37:05.274+0000] {processor.py:161} INFO - Started process (PID=234) to work on /opt/airflow/dags/fraud_pipeline.py
[2025-08-27T15:37:05.276+0000] {processor.py:830} INFO - Processing file /opt/airflow/dags/fraud_pipeline.py for tasks to queue
[2025-08-27T15:37:05.280+0000] {logging_mixin.py:188} INFO - [2025-08-27T15:37:05.280+0000] {dagbag.py:545} INFO - Filling up the DagBag from /opt/airflow/dags/fraud_pipeline.py
[2025-08-27T15:37:05.323+0000] {processor.py:840} INFO - DAG(s) 'fraud_pipeline' retrieved from /opt/airflow/dags/fraud_pipeline.py
[2025-08-27T15:37:05.354+0000] {logging_mixin.py:188} INFO - [2025-08-27T15:37:05.354+0000] {dag.py:3096} INFO - Sync 1 DAGs
[2025-08-27T15:37:05.376+0000] {logging_mixin.py:188} INFO - [2025-08-27T15:37:05.375+0000] {dag.py:3954} INFO - Setting next_dagrun for fraud_pipeline to 2025-08-26 02:00:00+00:00, run_after=2025-08-27 02:00:00+00:00
[2025-08-27T15:37:05.409+0000] {processor.py:183} INFO - Processing /opt/airflow/dags/fraud_pipeline.py took 0.143 seconds
[2025-08-27T15:37:35.538+0000] {processor.py:161} INFO - Started process (PID=239) to work on /opt/airflow/dags/fraud_pipeline.py
[2025-08-27T15:37:35.539+0000] {processor.py:830} INFO - Processing file /opt/airflow/dags/fraud_pipeline.py for tasks to queue
[2025-08-27T15:37:35.542+0000] {logging_mixin.py:188} INFO - [2025-08-27T15:37:35.541+0000] {dagbag.py:545} INFO - Filling up the DagBag from /opt/airflow/dags/fraud_pipeline.py
[2025-08-27T15:37:35.569+0000] {processor.py:840} INFO - DAG(s) 'fraud_pipeline' retrieved from /opt/airflow/dags/fraud_pipeline.py
[2025-08-27T15:37:35.619+0000] {logging_mixin.py:188} INFO - [2025-08-27T15:37:35.618+0000] {dag.py:3096} INFO - Sync 1 DAGs
[2025-08-27T15:37:35.658+0000] {logging_mixin.py:188} INFO - [2025-08-27T15:37:35.657+0000] {dag.py:3954} INFO - Setting next_dagrun for fraud_pipeline to 2025-08-26 02:00:00+00:00, run_after=2025-08-27 02:00:00+00:00
[2025-08-27T15:37:35.715+0000] {processor.py:183} INFO - Processing /opt/airflow/dags/fraud_pipeline.py took 0.187 seconds
[2025-08-27T15:38:05.973+0000] {processor.py:161} INFO - Started process (PID=244) to work on /opt/airflow/dags/fraud_pipeline.py
[2025-08-27T15:38:05.975+0000] {processor.py:830} INFO - Processing file /opt/airflow/dags/fraud_pipeline.py for tasks to queue
[2025-08-27T15:38:05.980+0000] {logging_mixin.py:188} INFO - [2025-08-27T15:38:05.979+0000] {dagbag.py:545} INFO - Filling up the DagBag from /opt/airflow/dags/fraud_pipeline.py
[2025-08-27T15:38:06.034+0000] {processor.py:840} INFO - DAG(s) 'fraud_pipeline' retrieved from /opt/airflow/dags/fraud_pipeline.py
[2025-08-27T15:38:06.083+0000] {logging_mixin.py:188} INFO - [2025-08-27T15:38:06.083+0000] {dag.py:3096} INFO - Sync 1 DAGs
[2025-08-27T15:38:06.107+0000] {logging_mixin.py:188} INFO - [2025-08-27T15:38:06.106+0000] {dag.py:3954} INFO - Setting next_dagrun for fraud_pipeline to 2025-08-26 02:00:00+00:00, run_after=2025-08-27 02:00:00+00:00
[2025-08-27T15:38:06.135+0000] {processor.py:183} INFO - Processing /opt/airflow/dags/fraud_pipeline.py took 0.173 seconds
[2025-08-27T15:38:36.288+0000] {processor.py:161} INFO - Started process (PID=249) to work on /opt/airflow/dags/fraud_pipeline.py
[2025-08-27T15:38:36.289+0000] {processor.py:830} INFO - Processing file /opt/airflow/dags/fraud_pipeline.py for tasks to queue
[2025-08-27T15:38:36.294+0000] {logging_mixin.py:188} INFO - [2025-08-27T15:38:36.293+0000] {dagbag.py:545} INFO - Filling up the DagBag from /opt/airflow/dags/fraud_pipeline.py
[2025-08-27T15:38:36.345+0000] {processor.py:840} INFO - DAG(s) 'fraud_pipeline' retrieved from /opt/airflow/dags/fraud_pipeline.py
[2025-08-27T15:38:36.396+0000] {logging_mixin.py:188} INFO - [2025-08-27T15:38:36.395+0000] {dag.py:3096} INFO - Sync 1 DAGs
[2025-08-27T15:38:36.435+0000] {logging_mixin.py:188} INFO - [2025-08-27T15:38:36.434+0000] {dag.py:3954} INFO - Setting next_dagrun for fraud_pipeline to 2025-08-26 02:00:00+00:00, run_after=2025-08-27 02:00:00+00:00
[2025-08-27T15:38:36.635+0000] {processor.py:183} INFO - Processing /opt/airflow/dags/fraud_pipeline.py took 0.362 seconds
[2025-08-27T15:39:06.948+0000] {processor.py:161} INFO - Started process (PID=254) to work on /opt/airflow/dags/fraud_pipeline.py
[2025-08-27T15:39:06.950+0000] {processor.py:830} INFO - Processing file /opt/airflow/dags/fraud_pipeline.py for tasks to queue
[2025-08-27T15:39:06.953+0000] {logging_mixin.py:188} INFO - [2025-08-27T15:39:06.952+0000] {dagbag.py:545} INFO - Filling up the DagBag from /opt/airflow/dags/fraud_pipeline.py
[2025-08-27T15:39:07.002+0000] {processor.py:840} INFO - DAG(s) 'fraud_pipeline' retrieved from /opt/airflow/dags/fraud_pipeline.py
[2025-08-27T15:39:07.056+0000] {logging_mixin.py:188} INFO - [2025-08-27T15:39:07.056+0000] {dag.py:3096} INFO - Sync 1 DAGs
[2025-08-27T15:39:07.276+0000] {logging_mixin.py:188} INFO - [2025-08-27T15:39:07.275+0000] {dag.py:3954} INFO - Setting next_dagrun for fraud_pipeline to 2025-08-26 02:00:00+00:00, run_after=2025-08-27 02:00:00+00:00
[2025-08-27T15:39:07.316+0000] {processor.py:183} INFO - Processing /opt/airflow/dags/fraud_pipeline.py took 0.376 seconds
[2025-08-27T15:39:37.647+0000] {processor.py:161} INFO - Started process (PID=259) to work on /opt/airflow/dags/fraud_pipeline.py
[2025-08-27T15:39:37.650+0000] {processor.py:830} INFO - Processing file /opt/airflow/dags/fraud_pipeline.py for tasks to queue
[2025-08-27T15:39:37.654+0000] {logging_mixin.py:188} INFO - [2025-08-27T15:39:37.653+0000] {dagbag.py:545} INFO - Filling up the DagBag from /opt/airflow/dags/fraud_pipeline.py
[2025-08-27T15:39:37.705+0000] {processor.py:840} INFO - DAG(s) 'fraud_pipeline' retrieved from /opt/airflow/dags/fraud_pipeline.py
[2025-08-27T15:39:37.924+0000] {logging_mixin.py:188} INFO - [2025-08-27T15:39:37.923+0000] {dag.py:3096} INFO - Sync 1 DAGs
[2025-08-27T15:39:37.963+0000] {logging_mixin.py:188} INFO - [2025-08-27T15:39:37.963+0000] {dag.py:3954} INFO - Setting next_dagrun for fraud_pipeline to 2025-08-26 02:00:00+00:00, run_after=2025-08-27 02:00:00+00:00
[2025-08-27T15:39:37.996+0000] {processor.py:183} INFO - Processing /opt/airflow/dags/fraud_pipeline.py took 0.362 seconds
[2025-08-27T15:40:08.335+0000] {processor.py:161} INFO - Started process (PID=264) to work on /opt/airflow/dags/fraud_pipeline.py
[2025-08-27T15:40:08.338+0000] {processor.py:830} INFO - Processing file /opt/airflow/dags/fraud_pipeline.py for tasks to queue
[2025-08-27T15:40:08.341+0000] {logging_mixin.py:188} INFO - [2025-08-27T15:40:08.340+0000] {dagbag.py:545} INFO - Filling up the DagBag from /opt/airflow/dags/fraud_pipeline.py
[2025-08-27T15:40:08.545+0000] {processor.py:840} INFO - DAG(s) 'fraud_pipeline' retrieved from /opt/airflow/dags/fraud_pipeline.py
[2025-08-27T15:40:08.578+0000] {logging_mixin.py:188} INFO - [2025-08-27T15:40:08.578+0000] {dag.py:3096} INFO - Sync 1 DAGs
[2025-08-27T15:40:08.608+0000] {logging_mixin.py:188} INFO - [2025-08-27T15:40:08.608+0000] {dag.py:3954} INFO - Setting next_dagrun for fraud_pipeline to 2025-08-26 02:00:00+00:00, run_after=2025-08-27 02:00:00+00:00
[2025-08-27T15:40:08.634+0000] {processor.py:183} INFO - Processing /opt/airflow/dags/fraud_pipeline.py took 0.311 seconds
[2025-08-27T15:40:38.840+0000] {processor.py:161} INFO - Started process (PID=269) to work on /opt/airflow/dags/fraud_pipeline.py
[2025-08-27T15:40:38.843+0000] {processor.py:830} INFO - Processing file /opt/airflow/dags/fraud_pipeline.py for tasks to queue
[2025-08-27T15:40:38.847+0000] {logging_mixin.py:188} INFO - [2025-08-27T15:40:38.846+0000] {dagbag.py:545} INFO - Filling up the DagBag from /opt/airflow/dags/fraud_pipeline.py
[2025-08-27T15:40:38.898+0000] {processor.py:840} INFO - DAG(s) 'fraud_pipeline' retrieved from /opt/airflow/dags/fraud_pipeline.py
[2025-08-27T15:40:38.954+0000] {logging_mixin.py:188} INFO - [2025-08-27T15:40:38.953+0000] {dag.py:3096} INFO - Sync 1 DAGs
[2025-08-27T15:40:38.987+0000] {logging_mixin.py:188} INFO - [2025-08-27T15:40:38.987+0000] {dag.py:3954} INFO - Setting next_dagrun for fraud_pipeline to 2025-08-26 02:00:00+00:00, run_after=2025-08-27 02:00:00+00:00
[2025-08-27T15:40:39.019+0000] {processor.py:183} INFO - Processing /opt/airflow/dags/fraud_pipeline.py took 0.192 seconds
[2025-08-27T15:41:09.306+0000] {processor.py:161} INFO - Started process (PID=274) to work on /opt/airflow/dags/fraud_pipeline.py
[2025-08-27T15:41:09.307+0000] {processor.py:830} INFO - Processing file /opt/airflow/dags/fraud_pipeline.py for tasks to queue
[2025-08-27T15:41:09.310+0000] {logging_mixin.py:188} INFO - [2025-08-27T15:41:09.310+0000] {dagbag.py:545} INFO - Filling up the DagBag from /opt/airflow/dags/fraud_pipeline.py
[2025-08-27T15:41:09.350+0000] {processor.py:840} INFO - DAG(s) 'fraud_pipeline' retrieved from /opt/airflow/dags/fraud_pipeline.py
[2025-08-27T15:41:09.394+0000] {logging_mixin.py:188} INFO - [2025-08-27T15:41:09.393+0000] {dag.py:3096} INFO - Sync 1 DAGs
[2025-08-27T15:41:09.423+0000] {logging_mixin.py:188} INFO - [2025-08-27T15:41:09.422+0000] {dag.py:3954} INFO - Setting next_dagrun for fraud_pipeline to 2025-08-26 02:00:00+00:00, run_after=2025-08-27 02:00:00+00:00
[2025-08-27T15:41:09.451+0000] {processor.py:183} INFO - Processing /opt/airflow/dags/fraud_pipeline.py took 0.153 seconds
[2025-08-27T15:41:39.708+0000] {processor.py:161} INFO - Started process (PID=279) to work on /opt/airflow/dags/fraud_pipeline.py
[2025-08-27T15:41:39.711+0000] {processor.py:830} INFO - Processing file /opt/airflow/dags/fraud_pipeline.py for tasks to queue
[2025-08-27T15:41:39.717+0000] {logging_mixin.py:188} INFO - [2025-08-27T15:41:39.716+0000] {dagbag.py:545} INFO - Filling up the DagBag from /opt/airflow/dags/fraud_pipeline.py
[2025-08-27T15:41:39.769+0000] {processor.py:840} INFO - DAG(s) 'fraud_pipeline' retrieved from /opt/airflow/dags/fraud_pipeline.py
[2025-08-27T15:41:39.817+0000] {logging_mixin.py:188} INFO - [2025-08-27T15:41:39.816+0000] {dag.py:3096} INFO - Sync 1 DAGs
[2025-08-27T15:41:39.851+0000] {logging_mixin.py:188} INFO - [2025-08-27T15:41:39.851+0000] {dag.py:3954} INFO - Setting next_dagrun for fraud_pipeline to 2025-08-26 02:00:00+00:00, run_after=2025-08-27 02:00:00+00:00
[2025-08-27T15:41:39.880+0000] {processor.py:183} INFO - Processing /opt/airflow/dags/fraud_pipeline.py took 0.187 seconds
[2025-08-27T15:42:10.133+0000] {processor.py:161} INFO - Started process (PID=284) to work on /opt/airflow/dags/fraud_pipeline.py
[2025-08-27T15:42:10.135+0000] {processor.py:830} INFO - Processing file /opt/airflow/dags/fraud_pipeline.py for tasks to queue
[2025-08-27T15:42:10.139+0000] {logging_mixin.py:188} INFO - [2025-08-27T15:42:10.138+0000] {dagbag.py:545} INFO - Filling up the DagBag from /opt/airflow/dags/fraud_pipeline.py
[2025-08-27T15:42:10.201+0000] {processor.py:840} INFO - DAG(s) 'fraud_pipeline' retrieved from /opt/airflow/dags/fraud_pipeline.py
[2025-08-27T15:42:10.244+0000] {logging_mixin.py:188} INFO - [2025-08-27T15:42:10.244+0000] {dag.py:3096} INFO - Sync 1 DAGs
[2025-08-27T15:42:10.273+0000] {logging_mixin.py:188} INFO - [2025-08-27T15:42:10.273+0000] {dag.py:3954} INFO - Setting next_dagrun for fraud_pipeline to 2025-08-26 02:00:00+00:00, run_after=2025-08-27 02:00:00+00:00
[2025-08-27T15:42:10.296+0000] {processor.py:183} INFO - Processing /opt/airflow/dags/fraud_pipeline.py took 0.179 seconds
[2025-08-27T15:42:40.598+0000] {processor.py:161} INFO - Started process (PID=289) to work on /opt/airflow/dags/fraud_pipeline.py
[2025-08-27T15:42:40.601+0000] {processor.py:830} INFO - Processing file /opt/airflow/dags/fraud_pipeline.py for tasks to queue
[2025-08-27T15:42:40.606+0000] {logging_mixin.py:188} INFO - [2025-08-27T15:42:40.605+0000] {dagbag.py:545} INFO - Filling up the DagBag from /opt/airflow/dags/fraud_pipeline.py
[2025-08-27T15:42:40.684+0000] {processor.py:840} INFO - DAG(s) 'fraud_pipeline' retrieved from /opt/airflow/dags/fraud_pipeline.py
[2025-08-27T15:42:40.735+0000] {logging_mixin.py:188} INFO - [2025-08-27T15:42:40.734+0000] {dag.py:3096} INFO - Sync 1 DAGs
[2025-08-27T15:42:40.776+0000] {logging_mixin.py:188} INFO - [2025-08-27T15:42:40.775+0000] {dag.py:3954} INFO - Setting next_dagrun for fraud_pipeline to 2025-08-26 02:00:00+00:00, run_after=2025-08-27 02:00:00+00:00
[2025-08-27T15:42:40.821+0000] {processor.py:183} INFO - Processing /opt/airflow/dags/fraud_pipeline.py took 0.239 seconds
[2025-08-27T15:43:10.945+0000] {processor.py:161} INFO - Started process (PID=294) to work on /opt/airflow/dags/fraud_pipeline.py
[2025-08-27T15:43:10.947+0000] {processor.py:830} INFO - Processing file /opt/airflow/dags/fraud_pipeline.py for tasks to queue
[2025-08-27T15:43:10.951+0000] {logging_mixin.py:188} INFO - [2025-08-27T15:43:10.950+0000] {dagbag.py:545} INFO - Filling up the DagBag from /opt/airflow/dags/fraud_pipeline.py
[2025-08-27T15:43:10.998+0000] {processor.py:840} INFO - DAG(s) 'fraud_pipeline' retrieved from /opt/airflow/dags/fraud_pipeline.py
[2025-08-27T15:43:11.051+0000] {logging_mixin.py:188} INFO - [2025-08-27T15:43:11.051+0000] {dag.py:3096} INFO - Sync 1 DAGs
[2025-08-27T15:43:11.082+0000] {logging_mixin.py:188} INFO - [2025-08-27T15:43:11.081+0000] {dag.py:3954} INFO - Setting next_dagrun for fraud_pipeline to 2025-08-26 02:00:00+00:00, run_after=2025-08-27 02:00:00+00:00
[2025-08-27T15:43:11.124+0000] {processor.py:183} INFO - Processing /opt/airflow/dags/fraud_pipeline.py took 0.187 seconds
[2025-08-27T15:43:41.488+0000] {processor.py:161} INFO - Started process (PID=299) to work on /opt/airflow/dags/fraud_pipeline.py
[2025-08-27T15:43:41.490+0000] {processor.py:830} INFO - Processing file /opt/airflow/dags/fraud_pipeline.py for tasks to queue
[2025-08-27T15:43:41.493+0000] {logging_mixin.py:188} INFO - [2025-08-27T15:43:41.492+0000] {dagbag.py:545} INFO - Filling up the DagBag from /opt/airflow/dags/fraud_pipeline.py
[2025-08-27T15:43:41.544+0000] {processor.py:840} INFO - DAG(s) 'fraud_pipeline' retrieved from /opt/airflow/dags/fraud_pipeline.py
[2025-08-27T15:43:41.589+0000] {logging_mixin.py:188} INFO - [2025-08-27T15:43:41.589+0000] {dag.py:3096} INFO - Sync 1 DAGs
[2025-08-27T15:43:41.620+0000] {logging_mixin.py:188} INFO - [2025-08-27T15:43:41.619+0000] {dag.py:3954} INFO - Setting next_dagrun for fraud_pipeline to 2025-08-26 02:00:00+00:00, run_after=2025-08-27 02:00:00+00:00
[2025-08-27T15:43:41.653+0000] {processor.py:183} INFO - Processing /opt/airflow/dags/fraud_pipeline.py took 0.173 seconds
[2025-08-27T15:44:11.819+0000] {processor.py:161} INFO - Started process (PID=304) to work on /opt/airflow/dags/fraud_pipeline.py
[2025-08-27T15:44:11.823+0000] {processor.py:830} INFO - Processing file /opt/airflow/dags/fraud_pipeline.py for tasks to queue
[2025-08-27T15:44:11.829+0000] {logging_mixin.py:188} INFO - [2025-08-27T15:44:11.828+0000] {dagbag.py:545} INFO - Filling up the DagBag from /opt/airflow/dags/fraud_pipeline.py
[2025-08-27T15:44:11.891+0000] {processor.py:840} INFO - DAG(s) 'fraud_pipeline' retrieved from /opt/airflow/dags/fraud_pipeline.py
[2025-08-27T15:44:11.965+0000] {logging_mixin.py:188} INFO - [2025-08-27T15:44:11.965+0000] {dag.py:3096} INFO - Sync 1 DAGs
[2025-08-27T15:44:11.996+0000] {logging_mixin.py:188} INFO - [2025-08-27T15:44:11.996+0000] {dag.py:3954} INFO - Setting next_dagrun for fraud_pipeline to 2025-08-26 02:00:00+00:00, run_after=2025-08-27 02:00:00+00:00
[2025-08-27T15:44:12.050+0000] {processor.py:183} INFO - Processing /opt/airflow/dags/fraud_pipeline.py took 0.247 seconds
[2025-08-27T15:44:42.309+0000] {processor.py:161} INFO - Started process (PID=309) to work on /opt/airflow/dags/fraud_pipeline.py
[2025-08-27T15:44:42.311+0000] {processor.py:830} INFO - Processing file /opt/airflow/dags/fraud_pipeline.py for tasks to queue
[2025-08-27T15:44:42.314+0000] {logging_mixin.py:188} INFO - [2025-08-27T15:44:42.314+0000] {dagbag.py:545} INFO - Filling up the DagBag from /opt/airflow/dags/fraud_pipeline.py
[2025-08-27T15:44:42.368+0000] {processor.py:840} INFO - DAG(s) 'fraud_pipeline' retrieved from /opt/airflow/dags/fraud_pipeline.py
[2025-08-27T15:44:42.414+0000] {logging_mixin.py:188} INFO - [2025-08-27T15:44:42.414+0000] {dag.py:3096} INFO - Sync 1 DAGs
[2025-08-27T15:44:42.446+0000] {logging_mixin.py:188} INFO - [2025-08-27T15:44:42.446+0000] {dag.py:3954} INFO - Setting next_dagrun for fraud_pipeline to 2025-08-26 02:00:00+00:00, run_after=2025-08-27 02:00:00+00:00
[2025-08-27T15:44:42.477+0000] {processor.py:183} INFO - Processing /opt/airflow/dags/fraud_pipeline.py took 0.174 seconds
[2025-08-27T15:45:12.765+0000] {processor.py:161} INFO - Started process (PID=314) to work on /opt/airflow/dags/fraud_pipeline.py
[2025-08-27T15:45:12.767+0000] {processor.py:830} INFO - Processing file /opt/airflow/dags/fraud_pipeline.py for tasks to queue
[2025-08-27T15:45:12.771+0000] {logging_mixin.py:188} INFO - [2025-08-27T15:45:12.770+0000] {dagbag.py:545} INFO - Filling up the DagBag from /opt/airflow/dags/fraud_pipeline.py
[2025-08-27T15:45:12.815+0000] {processor.py:840} INFO - DAG(s) 'fraud_pipeline' retrieved from /opt/airflow/dags/fraud_pipeline.py
[2025-08-27T15:45:12.849+0000] {logging_mixin.py:188} INFO - [2025-08-27T15:45:12.848+0000] {dag.py:3096} INFO - Sync 1 DAGs
[2025-08-27T15:45:12.870+0000] {logging_mixin.py:188} INFO - [2025-08-27T15:45:12.870+0000] {dag.py:3954} INFO - Setting next_dagrun for fraud_pipeline to 2025-08-26 02:00:00+00:00, run_after=2025-08-27 02:00:00+00:00
[2025-08-27T15:45:12.899+0000] {processor.py:183} INFO - Processing /opt/airflow/dags/fraud_pipeline.py took 0.145 seconds
[2025-08-27T15:45:43.100+0000] {processor.py:161} INFO - Started process (PID=319) to work on /opt/airflow/dags/fraud_pipeline.py
[2025-08-27T15:45:43.102+0000] {processor.py:830} INFO - Processing file /opt/airflow/dags/fraud_pipeline.py for tasks to queue
[2025-08-27T15:45:43.105+0000] {logging_mixin.py:188} INFO - [2025-08-27T15:45:43.105+0000] {dagbag.py:545} INFO - Filling up the DagBag from /opt/airflow/dags/fraud_pipeline.py
[2025-08-27T15:45:43.169+0000] {processor.py:840} INFO - DAG(s) 'fraud_pipeline' retrieved from /opt/airflow/dags/fraud_pipeline.py
[2025-08-27T15:45:43.218+0000] {logging_mixin.py:188} INFO - [2025-08-27T15:45:43.217+0000] {dag.py:3096} INFO - Sync 1 DAGs
[2025-08-27T15:45:43.242+0000] {logging_mixin.py:188} INFO - [2025-08-27T15:45:43.242+0000] {dag.py:3954} INFO - Setting next_dagrun for fraud_pipeline to 2025-08-26 02:00:00+00:00, run_after=2025-08-27 02:00:00+00:00
[2025-08-27T15:45:43.273+0000] {processor.py:183} INFO - Processing /opt/airflow/dags/fraud_pipeline.py took 0.182 seconds
[2025-08-27T15:46:13.588+0000] {processor.py:161} INFO - Started process (PID=324) to work on /opt/airflow/dags/fraud_pipeline.py
[2025-08-27T15:46:13.589+0000] {processor.py:830} INFO - Processing file /opt/airflow/dags/fraud_pipeline.py for tasks to queue
[2025-08-27T15:46:13.592+0000] {logging_mixin.py:188} INFO - [2025-08-27T15:46:13.592+0000] {dagbag.py:545} INFO - Filling up the DagBag from /opt/airflow/dags/fraud_pipeline.py
[2025-08-27T15:46:13.632+0000] {processor.py:840} INFO - DAG(s) 'fraud_pipeline' retrieved from /opt/airflow/dags/fraud_pipeline.py
[2025-08-27T15:46:13.668+0000] {logging_mixin.py:188} INFO - [2025-08-27T15:46:13.668+0000] {dag.py:3096} INFO - Sync 1 DAGs
[2025-08-27T15:46:13.695+0000] {logging_mixin.py:188} INFO - [2025-08-27T15:46:13.695+0000] {dag.py:3954} INFO - Setting next_dagrun for fraud_pipeline to 2025-08-26 02:00:00+00:00, run_after=2025-08-27 02:00:00+00:00
[2025-08-27T15:46:13.731+0000] {processor.py:183} INFO - Processing /opt/airflow/dags/fraud_pipeline.py took 0.149 seconds
[2025-08-27T15:46:43.943+0000] {processor.py:161} INFO - Started process (PID=329) to work on /opt/airflow/dags/fraud_pipeline.py
[2025-08-27T15:46:43.945+0000] {processor.py:830} INFO - Processing file /opt/airflow/dags/fraud_pipeline.py for tasks to queue
[2025-08-27T15:46:43.948+0000] {logging_mixin.py:188} INFO - [2025-08-27T15:46:43.948+0000] {dagbag.py:545} INFO - Filling up the DagBag from /opt/airflow/dags/fraud_pipeline.py
[2025-08-27T15:46:43.980+0000] {processor.py:840} INFO - DAG(s) 'fraud_pipeline' retrieved from /opt/airflow/dags/fraud_pipeline.py
[2025-08-27T15:46:44.014+0000] {logging_mixin.py:188} INFO - [2025-08-27T15:46:44.013+0000] {dag.py:3096} INFO - Sync 1 DAGs
[2025-08-27T15:46:44.033+0000] {logging_mixin.py:188} INFO - [2025-08-27T15:46:44.033+0000] {dag.py:3954} INFO - Setting next_dagrun for fraud_pipeline to 2025-08-26 02:00:00+00:00, run_after=2025-08-27 02:00:00+00:00
[2025-08-27T15:46:44.066+0000] {processor.py:183} INFO - Processing /opt/airflow/dags/fraud_pipeline.py took 0.129 seconds
[2025-08-27T15:47:14.405+0000] {processor.py:161} INFO - Started process (PID=334) to work on /opt/airflow/dags/fraud_pipeline.py
[2025-08-27T15:47:14.407+0000] {processor.py:830} INFO - Processing file /opt/airflow/dags/fraud_pipeline.py for tasks to queue
[2025-08-27T15:47:14.410+0000] {logging_mixin.py:188} INFO - [2025-08-27T15:47:14.410+0000] {dagbag.py:545} INFO - Filling up the DagBag from /opt/airflow/dags/fraud_pipeline.py
[2025-08-27T15:47:14.463+0000] {processor.py:840} INFO - DAG(s) 'fraud_pipeline' retrieved from /opt/airflow/dags/fraud_pipeline.py
[2025-08-27T15:47:14.508+0000] {logging_mixin.py:188} INFO - [2025-08-27T15:47:14.508+0000] {dag.py:3096} INFO - Sync 1 DAGs
[2025-08-27T15:47:14.530+0000] {logging_mixin.py:188} INFO - [2025-08-27T15:47:14.529+0000] {dag.py:3954} INFO - Setting next_dagrun for fraud_pipeline to 2025-08-26 02:00:00+00:00, run_after=2025-08-27 02:00:00+00:00
[2025-08-27T15:47:14.556+0000] {processor.py:183} INFO - Processing /opt/airflow/dags/fraud_pipeline.py took 0.161 seconds
[2025-08-27T15:47:44.737+0000] {processor.py:161} INFO - Started process (PID=339) to work on /opt/airflow/dags/fraud_pipeline.py
[2025-08-27T15:47:44.739+0000] {processor.py:830} INFO - Processing file /opt/airflow/dags/fraud_pipeline.py for tasks to queue
[2025-08-27T15:47:44.744+0000] {logging_mixin.py:188} INFO - [2025-08-27T15:47:44.743+0000] {dagbag.py:545} INFO - Filling up the DagBag from /opt/airflow/dags/fraud_pipeline.py
[2025-08-27T15:47:44.804+0000] {processor.py:840} INFO - DAG(s) 'fraud_pipeline' retrieved from /opt/airflow/dags/fraud_pipeline.py
[2025-08-27T15:47:44.877+0000] {logging_mixin.py:188} INFO - [2025-08-27T15:47:44.876+0000] {dag.py:3096} INFO - Sync 1 DAGs
[2025-08-27T15:47:44.916+0000] {logging_mixin.py:188} INFO - [2025-08-27T15:47:44.916+0000] {dag.py:3954} INFO - Setting next_dagrun for fraud_pipeline to 2025-08-26 02:00:00+00:00, run_after=2025-08-27 02:00:00+00:00
[2025-08-27T15:47:44.945+0000] {processor.py:183} INFO - Processing /opt/airflow/dags/fraud_pipeline.py took 0.216 seconds
[2025-08-27T15:48:15.249+0000] {processor.py:161} INFO - Started process (PID=344) to work on /opt/airflow/dags/fraud_pipeline.py
[2025-08-27T15:48:15.251+0000] {processor.py:830} INFO - Processing file /opt/airflow/dags/fraud_pipeline.py for tasks to queue
[2025-08-27T15:48:15.256+0000] {logging_mixin.py:188} INFO - [2025-08-27T15:48:15.255+0000] {dagbag.py:545} INFO - Filling up the DagBag from /opt/airflow/dags/fraud_pipeline.py
[2025-08-27T15:48:15.296+0000] {processor.py:840} INFO - DAG(s) 'fraud_pipeline' retrieved from /opt/airflow/dags/fraud_pipeline.py
[2025-08-27T15:48:15.348+0000] {logging_mixin.py:188} INFO - [2025-08-27T15:48:15.348+0000] {dag.py:3096} INFO - Sync 1 DAGs
[2025-08-27T15:48:15.381+0000] {logging_mixin.py:188} INFO - [2025-08-27T15:48:15.381+0000] {dag.py:3954} INFO - Setting next_dagrun for fraud_pipeline to 2025-08-26 02:00:00+00:00, run_after=2025-08-27 02:00:00+00:00
[2025-08-27T15:48:15.415+0000] {processor.py:183} INFO - Processing /opt/airflow/dags/fraud_pipeline.py took 0.189 seconds
[2025-08-27T15:48:45.577+0000] {processor.py:161} INFO - Started process (PID=349) to work on /opt/airflow/dags/fraud_pipeline.py
[2025-08-27T15:48:45.579+0000] {processor.py:830} INFO - Processing file /opt/airflow/dags/fraud_pipeline.py for tasks to queue
[2025-08-27T15:48:45.582+0000] {logging_mixin.py:188} INFO - [2025-08-27T15:48:45.582+0000] {dagbag.py:545} INFO - Filling up the DagBag from /opt/airflow/dags/fraud_pipeline.py
[2025-08-27T15:48:45.633+0000] {processor.py:840} INFO - DAG(s) 'fraud_pipeline' retrieved from /opt/airflow/dags/fraud_pipeline.py
[2025-08-27T15:48:45.683+0000] {logging_mixin.py:188} INFO - [2025-08-27T15:48:45.682+0000] {dag.py:3096} INFO - Sync 1 DAGs
[2025-08-27T15:48:45.710+0000] {logging_mixin.py:188} INFO - [2025-08-27T15:48:45.710+0000] {dag.py:3954} INFO - Setting next_dagrun for fraud_pipeline to 2025-08-26 02:00:00+00:00, run_after=2025-08-27 02:00:00+00:00
[2025-08-27T15:48:45.744+0000] {processor.py:183} INFO - Processing /opt/airflow/dags/fraud_pipeline.py took 0.175 seconds
[2025-08-27T15:49:16.054+0000] {processor.py:161} INFO - Started process (PID=354) to work on /opt/airflow/dags/fraud_pipeline.py
[2025-08-27T15:49:16.055+0000] {processor.py:830} INFO - Processing file /opt/airflow/dags/fraud_pipeline.py for tasks to queue
[2025-08-27T15:49:16.057+0000] {logging_mixin.py:188} INFO - [2025-08-27T15:49:16.057+0000] {dagbag.py:545} INFO - Filling up the DagBag from /opt/airflow/dags/fraud_pipeline.py
[2025-08-27T15:49:16.089+0000] {processor.py:840} INFO - DAG(s) 'fraud_pipeline' retrieved from /opt/airflow/dags/fraud_pipeline.py
[2025-08-27T15:49:16.143+0000] {logging_mixin.py:188} INFO - [2025-08-27T15:49:16.142+0000] {dag.py:3096} INFO - Sync 1 DAGs
[2025-08-27T15:49:16.175+0000] {logging_mixin.py:188} INFO - [2025-08-27T15:49:16.174+0000] {dag.py:3954} INFO - Setting next_dagrun for fraud_pipeline to 2025-08-26 02:00:00+00:00, run_after=2025-08-27 02:00:00+00:00
[2025-08-27T15:49:16.234+0000] {processor.py:183} INFO - Processing /opt/airflow/dags/fraud_pipeline.py took 0.189 seconds
