[2025-08-27T15:35:02.747+0000] {manager.py:470} INFO - Processing files using up to 2 processes at a time 
[2025-08-27T15:35:02.749+0000] {manager.py:471} INFO - Process each file at most once every 30 seconds
[2025-08-27T15:35:02.751+0000] {manager.py:472} INFO - Checking for new files in /opt/airflow/dags every 300 seconds
[2025-08-27T15:35:02.753+0000] {manager.py:737} INFO - Searching for files in /opt/airflow/dags
[2025-08-27T15:35:02.791+0000] {manager.py:740} INFO - There are 1 files in /opt/airflow/dags
[2025-08-27T15:35:03.212+0000] {manager.py:878} INFO - 
================================================================================
DAG File Processing Stats

File Path                              PID  Runtime      # DAGs    # Errors  Last Runtime    Last Run
-----------------------------------  -----  ---------  --------  ----------  --------------  ----------
/opt/airflow/dags/fraud_pipeline.py    205  0.27s             0           0
================================================================================
[2025-08-27T15:35:33.525+0000] {manager.py:878} INFO - 
================================================================================
DAG File Processing Stats

File Path                              PID  Runtime      # DAGs    # Errors  Last Runtime    Last Run
-----------------------------------  -----  ---------  --------  ----------  --------------  -------------------
/opt/airflow/dags/fraud_pipeline.py    219  0.01s             1           0  0.54s           2025-08-27T15:35:03
================================================================================
[2025-08-27T15:36:03.957+0000] {manager.py:878} INFO - 
================================================================================
DAG File Processing Stats

File Path                            PID    Runtime      # DAGs    # Errors  Last Runtime    Last Run
-----------------------------------  -----  ---------  --------  ----------  --------------  -------------------
/opt/airflow/dags/fraud_pipeline.py                           1           0  0.59s           2025-08-27T15:35:34
================================================================================
[2025-08-27T15:36:34.749+0000] {manager.py:878} INFO - 
================================================================================
DAG File Processing Stats

File Path                              PID  Runtime      # DAGs    # Errors  Last Runtime    Last Run
-----------------------------------  -----  ---------  --------  ----------  --------------  -------------------
/opt/airflow/dags/fraud_pipeline.py    229  0.00s             1           0  0.20s           2025-08-27T15:36:04
================================================================================
[2025-08-27T15:37:05.234+0000] {manager.py:878} INFO - 
================================================================================
DAG File Processing Stats

File Path                              PID  Runtime      # DAGs    # Errors  Last Runtime    Last Run
-----------------------------------  -----  ---------  --------  ----------  --------------  -------------------
/opt/airflow/dags/fraud_pipeline.py    234  0.01s             1           0  0.25s           2025-08-27T15:36:34
================================================================================
[2025-08-27T15:37:35.512+0000] {manager.py:878} INFO - 
================================================================================
DAG File Processing Stats

File Path                              PID  Runtime      # DAGs    # Errors  Last Runtime    Last Run
-----------------------------------  -----  ---------  --------  ----------  --------------  -------------------
/opt/airflow/dags/fraud_pipeline.py    239  0.01s             1           0  0.19s           2025-08-27T15:37:05
================================================================================
[2025-08-27T15:38:05.921+0000] {manager.py:878} INFO - 
================================================================================
DAG File Processing Stats

File Path                              PID  Runtime      # DAGs    # Errors  Last Runtime    Last Run
-----------------------------------  -----  ---------  --------  ----------  --------------  -------------------
/opt/airflow/dags/fraud_pipeline.py    244  0.01s             1           0  0.23s           2025-08-27T15:37:35
================================================================================
[2025-08-27T15:38:36.237+0000] {manager.py:878} INFO - 
================================================================================
DAG File Processing Stats

File Path                              PID  Runtime      # DAGs    # Errors  Last Runtime    Last Run
-----------------------------------  -----  ---------  --------  ----------  --------------  -------------------
/opt/airflow/dags/fraud_pipeline.py    249  0.01s             1           0  0.24s           2025-08-27T15:38:06
================================================================================
[2025-08-27T15:39:06.624+0000] {manager.py:878} INFO - 
================================================================================
DAG File Processing Stats

File Path                            PID    Runtime      # DAGs    # Errors  Last Runtime    Last Run
-----------------------------------  -----  ---------  --------  ----------  --------------  -------------------
/opt/airflow/dags/fraud_pipeline.py                           1           0  0.43s           2025-08-27T15:38:36
================================================================================
[2025-08-27T15:39:37.161+0000] {manager.py:878} INFO - 
================================================================================
DAG File Processing Stats

File Path                            PID    Runtime      # DAGs    # Errors  Last Runtime    Last Run
-----------------------------------  -----  ---------  --------  ----------  --------------  -------------------
/opt/airflow/dags/fraud_pipeline.py                           1           0  0.45s           2025-08-27T15:39:07
================================================================================
[2025-08-27T15:40:02.797+0000] {manager.py:737} INFO - Searching for files in /opt/airflow/dags
[2025-08-27T15:40:02.850+0000] {manager.py:740} INFO - There are 1 files in /opt/airflow/dags
[2025-08-27T15:40:07.244+0000] {manager.py:878} INFO - 
================================================================================
DAG File Processing Stats

File Path                            PID    Runtime      # DAGs    # Errors  Last Runtime    Last Run
-----------------------------------  -----  ---------  --------  ----------  --------------  -------------------
/opt/airflow/dags/fraud_pipeline.py                           1           0  0.43s           2025-08-27T15:39:38
================================================================================
[2025-08-27T15:40:37.749+0000] {manager.py:878} INFO - 
================================================================================
DAG File Processing Stats

File Path                            PID    Runtime      # DAGs    # Errors  Last Runtime    Last Run
-----------------------------------  -----  ---------  --------  ----------  --------------  -------------------
/opt/airflow/dags/fraud_pipeline.py                           1           0  0.38s           2025-08-27T15:40:08
================================================================================
[2025-08-27T15:41:08.221+0000] {manager.py:878} INFO - 
================================================================================
DAG File Processing Stats

File Path                            PID    Runtime      # DAGs    # Errors  Last Runtime    Last Run
-----------------------------------  -----  ---------  --------  ----------  --------------  -------------------
/opt/airflow/dags/fraud_pipeline.py                           1           0  0.24s           2025-08-27T15:40:39
================================================================================
[2025-08-27T15:41:38.586+0000] {manager.py:878} INFO - 
================================================================================
DAG File Processing Stats

File Path                            PID    Runtime      # DAGs    # Errors  Last Runtime    Last Run
-----------------------------------  -----  ---------  --------  ----------  --------------  -------------------
/opt/airflow/dags/fraud_pipeline.py                           1           0  0.21s           2025-08-27T15:41:09
================================================================================
[2025-08-27T15:42:09.017+0000] {manager.py:878} INFO - 
================================================================================
DAG File Processing Stats

File Path                            PID    Runtime      # DAGs    # Errors  Last Runtime    Last Run
-----------------------------------  -----  ---------  --------  ----------  --------------  -------------------
/opt/airflow/dags/fraud_pipeline.py                           1           0  0.26s           2025-08-27T15:41:39
================================================================================
[2025-08-27T15:42:39.473+0000] {manager.py:878} INFO - 
================================================================================
DAG File Processing Stats

File Path                            PID    Runtime      # DAGs    # Errors  Last Runtime    Last Run
-----------------------------------  -----  ---------  --------  ----------  --------------  -------------------
/opt/airflow/dags/fraud_pipeline.py                           1           0  0.25s           2025-08-27T15:42:10
================================================================================
[2025-08-27T15:43:09.881+0000] {manager.py:878} INFO - 
================================================================================
DAG File Processing Stats

File Path                            PID    Runtime      # DAGs    # Errors  Last Runtime    Last Run
-----------------------------------  -----  ---------  --------  ----------  --------------  -------------------
/opt/airflow/dags/fraud_pipeline.py                           1           0  0.32s           2025-08-27T15:42:40
================================================================================
[2025-08-27T15:43:40.405+0000] {manager.py:878} INFO - 
================================================================================
DAG File Processing Stats

File Path                            PID    Runtime      # DAGs    # Errors  Last Runtime    Last Run
-----------------------------------  -----  ---------  --------  ----------  --------------  -------------------
/opt/airflow/dags/fraud_pipeline.py                           1           0  0.23s           2025-08-27T15:43:11
================================================================================
[2025-08-27T15:44:10.751+0000] {manager.py:878} INFO - 
================================================================================
DAG File Processing Stats

File Path                            PID    Runtime      # DAGs    # Errors  Last Runtime    Last Run
-----------------------------------  -----  ---------  --------  ----------  --------------  -------------------
/opt/airflow/dags/fraud_pipeline.py                           1           0  0.23s           2025-08-27T15:43:41
================================================================================
[2025-08-27T15:44:41.239+0000] {manager.py:878} INFO - 
================================================================================
DAG File Processing Stats

File Path                            PID    Runtime      # DAGs    # Errors  Last Runtime    Last Run
-----------------------------------  -----  ---------  --------  ----------  --------------  -------------------
/opt/airflow/dags/fraud_pipeline.py                           1           0  0.30s           2025-08-27T15:44:12
================================================================================
[2025-08-27T15:45:03.448+0000] {manager.py:737} INFO - Searching for files in /opt/airflow/dags
[2025-08-27T15:45:03.535+0000] {manager.py:740} INFO - There are 1 files in /opt/airflow/dags
[2025-08-27T15:45:11.653+0000] {manager.py:878} INFO - 
================================================================================
DAG File Processing Stats

File Path                            PID    Runtime      # DAGs    # Errors  Last Runtime    Last Run
-----------------------------------  -----  ---------  --------  ----------  --------------  -------------------
/opt/airflow/dags/fraud_pipeline.py                           1           0  0.23s           2025-08-27T15:44:42
================================================================================
[2025-08-27T15:45:42.010+0000] {manager.py:878} INFO - 
================================================================================
DAG File Processing Stats

File Path                            PID    Runtime      # DAGs    # Errors  Last Runtime    Last Run
-----------------------------------  -----  ---------  --------  ----------  --------------  -------------------
/opt/airflow/dags/fraud_pipeline.py                           1           0  0.22s           2025-08-27T15:45:12
================================================================================
[2025-08-27T15:46:12.499+0000] {manager.py:878} INFO - 
================================================================================
DAG File Processing Stats

File Path                            PID    Runtime      # DAGs    # Errors  Last Runtime    Last Run
-----------------------------------  -----  ---------  --------  ----------  --------------  -------------------
/opt/airflow/dags/fraud_pipeline.py                           1           0  0.24s           2025-08-27T15:45:43
================================================================================
[2025-08-27T15:46:42.858+0000] {manager.py:878} INFO - 
================================================================================
DAG File Processing Stats

File Path                            PID    Runtime      # DAGs    # Errors  Last Runtime    Last Run
-----------------------------------  -----  ---------  --------  ----------  --------------  -------------------
/opt/airflow/dags/fraud_pipeline.py                           1           0  0.21s           2025-08-27T15:46:13
================================================================================
[2025-08-27T15:47:13.302+0000] {manager.py:878} INFO - 
================================================================================
DAG File Processing Stats

File Path                            PID    Runtime      # DAGs    # Errors  Last Runtime    Last Run
-----------------------------------  -----  ---------  --------  ----------  --------------  -------------------
/opt/airflow/dags/fraud_pipeline.py                           1           0  0.18s           2025-08-27T15:46:44
================================================================================
[2025-08-27T15:47:43.648+0000] {manager.py:878} INFO - 
================================================================================
DAG File Processing Stats

File Path                            PID    Runtime      # DAGs    # Errors  Last Runtime    Last Run
-----------------------------------  -----  ---------  --------  ----------  --------------  -------------------
/opt/airflow/dags/fraud_pipeline.py                           1           0  0.23s           2025-08-27T15:47:14
================================================================================
[2025-08-27T15:48:14.169+0000] {manager.py:878} INFO - 
================================================================================
DAG File Processing Stats

File Path                            PID    Runtime      # DAGs    # Errors  Last Runtime    Last Run
-----------------------------------  -----  ---------  --------  ----------  --------------  -------------------
/opt/airflow/dags/fraud_pipeline.py                           1           0  0.27s           2025-08-27T15:47:44
================================================================================
[2025-08-27T15:48:44.505+0000] {manager.py:878} INFO - 
================================================================================
DAG File Processing Stats

File Path                            PID    Runtime      # DAGs    # Errors  Last Runtime    Last Run
-----------------------------------  -----  ---------  --------  ----------  --------------  -------------------
/opt/airflow/dags/fraud_pipeline.py                           1           0  0.24s           2025-08-27T15:48:15
================================================================================
[2025-08-27T15:49:15.007+0000] {manager.py:878} INFO - 
================================================================================
DAG File Processing Stats

File Path                            PID    Runtime      # DAGs    # Errors  Last Runtime    Last Run
-----------------------------------  -----  ---------  --------  ----------  --------------  -------------------
/opt/airflow/dags/fraud_pipeline.py                           1           0  0.23s           2025-08-27T15:48:45
================================================================================
